98.12.07 14:03 A C:\Work\thesis_style\Example\graphics\a_ib.eps --> euler.physics.odu.edu /usr/home/euler/vanorden/words/thesis_style/example a_ib.eps
98.12.07 14:03 A C:\Work\thesis_style\Example\graphics\a_iib.eps --> euler.physics.odu.edu /usr/home/euler/vanorden/words/thesis_style/example a_iib.eps
98.12.07 14:03 A C:\Work\thesis_style\Example\graphics\a_iib_c.eps --> euler.physics.odu.edu /usr/home/euler/vanorden/words/thesis_style/example a_iib_c.eps
98.12.07 14:03 A C:\Work\thesis_style\Example\graphics\b_ib.eps --> euler.physics.odu.edu /usr/home/euler/vanorden/words/thesis_style/example b_ib.eps
98.12.07 14:03 A C:\Work\thesis_style\Example\graphics\b_iib.eps --> euler.physics.odu.edu /usr/home/euler/vanorden/words/thesis_style/example b_iib.eps
98.12.07 14:03 A C:\Work\thesis_style\Example\graphics\b_iib_c.eps --> euler.physics.odu.edu /usr/home/euler/vanorden/words/thesis_style/example b_iib_c.eps
98.12.07 14:03 A C:\Work\thesis_style\Example\graphics\combined.eps --> euler.physics.odu.edu /usr/home/euler/vanorden/words/thesis_style/example combined.eps
98.12.07 14:03 A C:\Work\thesis_style\Example\graphics\combined_nop.eps --> euler.physics.odu.edu /usr/home/euler/vanorden/words/thesis_style/example combined_nop.eps
98.12.07 14:03 A C:\Work\thesis_style\Example\graphics\coupling.eps --> euler.physics.odu.edu /usr/home/euler/vanorden/words/thesis_style/example coupling.eps
98.12.07 14:03 A C:\Work\thesis_style\Example\graphics\few_body_a.eps --> euler.physics.odu.edu /usr/home/euler/vanorden/words/thesis_style/example few_body_a.eps
98.12.07 14:03 A C:\Work\thesis_style\Example\graphics\few_body_ab.eps --> euler.physics.odu.edu /usr/home/euler/vanorden/words/thesis_style/example few_body_ab.eps
98.12.07 14:03 A C:\Work\thesis_style\Example\graphics\few_body_b.eps --> euler.physics.odu.edu /usr/home/euler/vanorden/words/thesis_style/example few_body_b.eps
98.12.07 14:04 A C:\Work\thesis_style\Example\graphics\g_sq.eps --> euler.physics.odu.edu /usr/home/euler/vanorden/words/thesis_style/example g_sq.eps
98.12.07 14:04 A C:\Work\thesis_style\Example\graphics\g_sq_abc.eps --> euler.physics.odu.edu /usr/home/euler/vanorden/words/thesis_style/example g_sq_abc.eps
98.12.07 14:04 A C:\Work\thesis_style\Example\graphics\g_sq_ria.eps --> euler.physics.odu.edu /usr/home/euler/vanorden/words/thesis_style/example g_sq_ria.eps
98.12.07 14:04 A C:\Work\thesis_style\Example\graphics\gcrrntme.eps --> euler.physics.odu.edu /usr/home/euler/vanorden/words/thesis_style/example gcrrntme.eps
98.12.07 14:04 A C:\Work\thesis_style\Example\graphics\phase_coup.eps --> euler.physics.odu.edu /usr/home/euler/vanorden/words/thesis_style/example phase_coup.eps
98.12.07 14:04 A C:\Work\thesis_style\Example\graphics\phase_coup_infty.eps --> euler.physics.odu.edu /usr/home/euler/vanorden/words/thesis_style/example phase_coup_infty.eps
98.12.07 14:04 A C:\Work\thesis_style\Example\graphics\scat2.eps --> euler.physics.odu.edu /usr/home/euler/vanorden/words/thesis_style/example scat2.eps
98.12.07 14:04 A C:\Work\thesis_style\Example\graphics\scat3.eps --> euler.physics.odu.edu /usr/home/euler/vanorden/words/thesis_style/example scat3.eps
98.12.07 14:04 A C:\Work\thesis_style\Example\graphics\t20_ib.eps --> euler.physics.odu.edu /usr/home/euler/vanorden/words/thesis_style/example t20_ib.eps
98.12.07 14:04 A C:\Work\thesis_style\Example\graphics\t20_iib.eps --> euler.physics.odu.edu /usr/home/euler/vanorden/words/thesis_style/example t20_iib.eps
98.12.07 14:04 A C:\Work\thesis_style\Example\graphics\t20_iib_c.eps --> euler.physics.odu.edu /usr/home/euler/vanorden/words/thesis_style/example t20_iib_c.eps
98.12.07 14:04 A C:\Work\thesis_style\Example\graphics\wave_coup.eps --> euler.physics.odu.edu /usr/home/euler/vanorden/words/thesis_style/example wave_coup.eps
98.12.07 14:04 A C:\Work\thesis_style\Example\graphics\wave_coup_infty.eps --> euler.physics.odu.edu /usr/home/euler/vanorden/words/thesis_style/example wave_coup_infty.eps
98.12.07 14:07 A C:\Work\thesis_style\Example\graphics\a_ib.eps --> euler.physics.odu.edu /usr/home/euler/vanorden/words/thesis_style/example/graphics a_ib.eps
98.12.07 14:07 A C:\Work\thesis_style\Example\graphics\a_iib.eps --> euler.physics.odu.edu /usr/home/euler/vanorden/words/thesis_style/example/graphics a_iib.eps
98.12.07 14:07 A C:\Work\thesis_style\Example\graphics\a_iib_c.eps --> euler.physics.odu.edu /usr/home/euler/vanorden/words/thesis_style/example/graphics a_iib_c.eps
98.12.07 14:07 A C:\Work\thesis_style\Example\graphics\b_ib.eps --> euler.physics.odu.edu /usr/home/euler/vanorden/words/thesis_style/example/graphics b_ib.eps
98.12.07 14:07 A C:\Work\thesis_style\Example\graphics\b_iib.eps --> euler.physics.odu.edu /usr/home/euler/vanorden/words/thesis_style/example/graphics b_iib.eps
98.12.07 14:07 A C:\Work\thesis_style\Example\graphics\b_iib_c.eps --> euler.physics.odu.edu /usr/home/euler/vanorden/words/thesis_style/example/graphics b_iib_c.eps
98.12.07 14:07 A C:\Work\thesis_style\Example\graphics\combined.eps --> euler.physics.odu.edu /usr/home/euler/vanorden/words/thesis_style/example/graphics combined.eps
98.12.07 14:07 A C:\Work\thesis_style\Example\graphics\combined_nop.eps --> euler.physics.odu.edu /usr/home/euler/vanorden/words/thesis_style/example/graphics combined_nop.eps
98.12.07 14:07 A C:\Work\thesis_style\Example\graphics\coupling.eps --> euler.physics.odu.edu /usr/home/euler/vanorden/words/thesis_style/example/graphics coupling.eps
98.12.07 14:07 A C:\Work\thesis_style\Example\graphics\few_body_a.eps --> euler.physics.odu.edu /usr/home/euler/vanorden/words/thesis_style/example/graphics few_body_a.eps
98.12.07 14:07 A C:\Work\thesis_style\Example\graphics\few_body_ab.eps --> euler.physics.odu.edu /usr/home/euler/vanorden/words/thesis_style/example/graphics few_body_ab.eps
98.12.07 14:07 A C:\Work\thesis_style\Example\graphics\few_body_b.eps --> euler.physics.odu.edu /usr/home/euler/vanorden/words/thesis_style/example/graphics few_body_b.eps
98.12.07 14:07 A C:\Work\thesis_style\Example\graphics\g_sq.eps --> euler.physics.odu.edu /usr/home/euler/vanorden/words/thesis_style/example/graphics g_sq.eps
98.12.07 14:07 A C:\Work\thesis_style\Example\graphics\g_sq_abc.eps --> euler.physics.odu.edu /usr/home/euler/vanorden/words/thesis_style/example/graphics g_sq_abc.eps
98.12.07 14:07 A C:\Work\thesis_style\Example\graphics\g_sq_ria.eps --> euler.physics.odu.edu /usr/home/euler/vanorden/words/thesis_style/example/graphics g_sq_ria.eps
98.12.07 14:07 A C:\Work\thesis_style\Example\graphics\gcrrntme.eps --> euler.physics.odu.edu /usr/home/euler/vanorden/words/thesis_style/example/graphics gcrrntme.eps
98.12.07 14:07 A C:\Work\thesis_style\Example\graphics\phase_coup.eps --> euler.physics.odu.edu /usr/home/euler/vanorden/words/thesis_style/example/graphics phase_coup.eps
98.12.07 14:07 A C:\Work\thesis_style\Example\graphics\phase_coup_infty.eps --> euler.physics.odu.edu /usr/home/euler/vanorden/words/thesis_style/example/graphics phase_coup_infty.eps
98.12.07 14:07 A C:\Work\thesis_style\Example\graphics\scat2.eps --> euler.physics.odu.edu /usr/home/euler/vanorden/words/thesis_style/example/graphics scat2.eps
98.12.07 14:07 A C:\Work\thesis_style\Example\graphics\scat3.eps --> euler.physics.odu.edu /usr/home/euler/vanorden/words/thesis_style/example/graphics scat3.eps
98.12.07 14:07 A C:\Work\thesis_style\Example\graphics\t20_ib.eps --> euler.physics.odu.edu /usr/home/euler/vanorden/words/thesis_style/example/graphics t20_ib.eps
98.12.07 14:07 A C:\Work\thesis_style\Example\graphics\t20_iib.eps --> euler.physics.odu.edu /usr/home/euler/vanorden/words/thesis_style/example/graphics t20_iib.eps
98.12.07 14:07 A C:\Work\thesis_style\Example\graphics\t20_iib_c.eps --> euler.physics.odu.edu /usr/home/euler/vanorden/words/thesis_style/example/graphics t20_iib_c.eps
98.12.07 14:07 A C:\Work\thesis_style\Example\graphics\wave_coup.eps --> euler.physics.odu.edu /usr/home/euler/vanorden/words/thesis_style/example/graphics wave_coup.eps
98.12.07 14:07 A C:\Work\thesis_style\Example\graphics\wave_coup_infty.eps --> euler.physics.odu.edu /usr/home/euler/vanorden/words/thesis_style/example/graphics wave_coup_infty.eps
100.04.04 16:28 A C:\Work\thesis_style\really_new\example\graphics\a_ib.eps --> euler.physics.odu.edu /usr/home/euler/vanorden/words/thesis_style/example/graphics a_ib.eps
100.04.04 16:28 A C:\Work\thesis_style\really_new\example\graphics\a_iib.eps --> euler.physics.odu.edu /usr/home/euler/vanorden/words/thesis_style/example/graphics a_iib.eps
100.04.04 16:28 A C:\Work\thesis_style\really_new\example\graphics\a_iib_c.eps --> euler.physics.odu.edu /usr/home/euler/vanorden/words/thesis_style/example/graphics a_iib_c.eps
100.04.04 16:28 A C:\Work\thesis_style\really_new\example\graphics\b_ib.eps --> euler.physics.odu.edu /usr/home/euler/vanorden/words/thesis_style/example/graphics b_ib.eps
100.04.04 16:28 A C:\Work\thesis_style\really_new\example\graphics\b_iib.eps --> euler.physics.odu.edu /usr/home/euler/vanorden/words/thesis_style/example/graphics b_iib.eps
100.04.04 16:28 A C:\Work\thesis_style\really_new\example\graphics\b_iib_c.eps --> euler.physics.odu.edu /usr/home/euler/vanorden/words/thesis_style/example/graphics b_iib_c.eps
100.04.04 16:28 A C:\Work\thesis_style\really_new\example\graphics\combined.eps --> euler.physics.odu.edu /usr/home/euler/vanorden/words/thesis_style/example/graphics combined.eps
100.04.04 16:28 A C:\Work\thesis_style\really_new\example\graphics\combined_nop.eps --> euler.physics.odu.edu /usr/home/euler/vanorden/words/thesis_style/example/graphics combined_nop.eps
100.04.04 16:28 A C:\Work\thesis_style\really_new\example\graphics\coupling.eps --> euler.physics.odu.edu /usr/home/euler/vanorden/words/thesis_style/example/graphics coupling.eps
100.04.04 16:28 A C:\Work\thesis_style\really_new\example\graphics\few_body_a.eps --> euler.physics.odu.edu /usr/home/euler/vanorden/words/thesis_style/example/graphics few_body_a.eps
100.04.04 16:28 A C:\Work\thesis_style\really_new\example\graphics\few_body_ab.eps --> euler.physics.odu.edu /usr/home/euler/vanorden/words/thesis_style/example/graphics few_body_ab.eps
100.04.04 16:28 A C:\Work\thesis_style\really_new\example\graphics\few_body_b.eps --> euler.physics.odu.edu /usr/home/euler/vanorden/words/thesis_style/example/graphics few_body_b.eps
100.04.04 16:28 A C:\Work\thesis_style\really_new\example\graphics\g_sq.eps --> euler.physics.odu.edu /usr/home/euler/vanorden/words/thesis_style/example/graphics g_sq.eps
100.04.04 16:28 A C:\Work\thesis_style\really_new\example\graphics\g_sq_abc.eps --> euler.physics.odu.edu /usr/home/euler/vanorden/words/thesis_style/example/graphics g_sq_abc.eps
100.04.04 16:28 A C:\Work\thesis_style\really_new\example\graphics\g_sq_ria.eps --> euler.physics.odu.edu /usr/home/euler/vanorden/words/thesis_style/example/graphics g_sq_ria.eps
100.04.04 16:28 A C:\Work\thesis_style\really_new\example\graphics\gcrrntme.eps --> euler.physics.odu.edu /usr/home/euler/vanorden/words/thesis_style/example/graphics gcrrntme.eps
100.04.04 16:28 A C:\Work\thesis_style\really_new\example\graphics\phase_coup.eps --> euler.physics.odu.edu /usr/home/euler/vanorden/words/thesis_style/example/graphics phase_coup.eps
100.04.04 16:28 A C:\Work\thesis_style\really_new\example\graphics\phase_coup_infty.eps --> euler.physics.odu.edu /usr/home/euler/vanorden/words/thesis_style/example/graphics phase_coup_infty.eps
100.04.04 16:28 A C:\Work\thesis_style\really_new\example\graphics\scat2.eps --> euler.physics.odu.edu /usr/home/euler/vanorden/words/thesis_style/example/graphics scat2.eps
100.04.04 16:28 A C:\Work\thesis_style\really_new\example\graphics\scat3.eps --> euler.physics.odu.edu /usr/home/euler/vanorden/words/thesis_style/example/graphics scat3.eps
100.04.04 16:28 A C:\Work\thesis_style\really_new\example\graphics\t20_ib.eps --> euler.physics.odu.edu /usr/home/euler/vanorden/words/thesis_style/example/graphics t20_ib.eps
100.04.04 16:28 A C:\Work\thesis_style\really_new\example\graphics\t20_iib.eps --> euler.physics.odu.edu /usr/home/euler/vanorden/words/thesis_style/example/graphics t20_iib.eps
100.04.04 16:28 A C:\Work\thesis_style\really_new\example\graphics\t20_iib_c.eps --> euler.physics.odu.edu /usr/home/euler/vanorden/words/thesis_style/example/graphics t20_iib_c.eps
100.04.04 16:28 A C:\Work\thesis_style\really_new\example\graphics\wave_coup.eps --> euler.physics.odu.edu /usr/home/euler/vanorden/words/thesis_style/example/graphics wave_coup.eps
100.04.04 16:28 A C:\Work\thesis_style\really_new\example\graphics\wave_coup_infty.eps --> euler.physics.odu.edu /usr/home/euler/vanorden/words/thesis_style/example/graphics wave_coup_infty.eps
