98.12.07 14:05 A C:\Work\thesis_style\Example\graphics\new\analytic.eps --> euler.physics.odu.edu /usr/home/euler/vanorden/words/thesis_style/example/new analytic.eps
98.12.07 14:05 A C:\Work\thesis_style\Example\graphics\new\bst.eps --> euler.physics.odu.edu /usr/home/euler/vanorden/words/thesis_style/example/new bst.eps
98.12.07 14:05 A C:\Work\thesis_style\Example\graphics\new\currntme.eps --> euler.physics.odu.edu /usr/home/euler/vanorden/words/thesis_style/example/new currntme.eps
98.12.07 14:05 A C:\Work\thesis_style\Example\graphics\new\exchange.eps --> euler.physics.odu.edu /usr/home/euler/vanorden/words/thesis_style/example/new exchange.eps
98.12.07 14:05 A C:\Work\thesis_style\Example\graphics\new\gcrrntme.eps --> euler.physics.odu.edu /usr/home/euler/vanorden/words/thesis_style/example/new gcrrntme.eps
98.12.07 14:05 A C:\Work\thesis_style\Example\graphics\new\kernel.eps --> euler.physics.odu.edu /usr/home/euler/vanorden/words/thesis_style/example/new kernel.eps
98.12.07 14:05 A C:\Work\thesis_style\Example\graphics\new\scat1.eps --> euler.physics.odu.edu /usr/home/euler/vanorden/words/thesis_style/example/new scat1.eps
98.12.07 14:08 A C:\Work\thesis_style\Example\graphics\new\analytic.eps --> euler.physics.odu.edu /usr/home/euler/vanorden/words/thesis_style/example/graphics/new analytic.eps
98.12.07 14:08 A C:\Work\thesis_style\Example\graphics\new\bst.eps --> euler.physics.odu.edu /usr/home/euler/vanorden/words/thesis_style/example/graphics/new bst.eps
98.12.07 14:08 A C:\Work\thesis_style\Example\graphics\new\currntme.eps --> euler.physics.odu.edu /usr/home/euler/vanorden/words/thesis_style/example/graphics/new currntme.eps
98.12.07 14:08 A C:\Work\thesis_style\Example\graphics\new\exchange.eps --> euler.physics.odu.edu /usr/home/euler/vanorden/words/thesis_style/example/graphics/new exchange.eps
98.12.07 14:08 A C:\Work\thesis_style\Example\graphics\new\gcrrntme.eps --> euler.physics.odu.edu /usr/home/euler/vanorden/words/thesis_style/example/graphics/new gcrrntme.eps
98.12.07 14:08 A C:\Work\thesis_style\Example\graphics\new\kernel.eps --> euler.physics.odu.edu /usr/home/euler/vanorden/words/thesis_style/example/graphics/new kernel.eps
98.12.07 14:08 A C:\Work\thesis_style\Example\graphics\new\scat1.eps --> euler.physics.odu.edu /usr/home/euler/vanorden/words/thesis_style/example/graphics/new scat1.eps
100.04.04 16:28 A C:\Work\thesis_style\really_new\example\graphics\new\analytic.eps --> euler.physics.odu.edu /usr/home/euler/vanorden/words/thesis_style/example/graphics analytic.eps
100.04.04 16:28 A C:\Work\thesis_style\really_new\example\graphics\new\analytic.eps --> euler.physics.odu.edu /usr/home/euler/vanorden/words/thesis_style/example/graphics/new analytic.eps
100.04.04 16:28 A C:\Work\thesis_style\really_new\example\graphics\new\bst.eps --> euler.physics.odu.edu /usr/home/euler/vanorden/words/thesis_style/example/graphics/new bst.eps
100.04.04 16:28 A C:\Work\thesis_style\really_new\example\graphics\new\currntme.eps --> euler.physics.odu.edu /usr/home/euler/vanorden/words/thesis_style/example/graphics/new currntme.eps
100.04.04 16:28 A C:\Work\thesis_style\really_new\example\graphics\new\exchange.eps --> euler.physics.odu.edu /usr/home/euler/vanorden/words/thesis_style/example/graphics/new exchange.eps
100.04.04 16:28 A C:\Work\thesis_style\really_new\example\graphics\new\gcrrntme.eps --> euler.physics.odu.edu /usr/home/euler/vanorden/words/thesis_style/example/graphics/new gcrrntme.eps
100.04.04 16:28 A C:\Work\thesis_style\really_new\example\graphics\new\kernel.eps --> euler.physics.odu.edu /usr/home/euler/vanorden/words/thesis_style/example/graphics/new kernel.eps
100.04.04 16:28 A C:\Work\thesis_style\really_new\example\graphics\new\scat1.eps --> euler.physics.odu.edu /usr/home/euler/vanorden/words/thesis_style/example/graphics/new scat1.eps
